<?xml version="1.0" encoding="UTF-8"?>
<!-- Generated by org.testng.reporters.JUnitReportReporter -->
<testsuite hostname="DESKTOP-NM8RQ6R" failures="0" tests="1" name="TestngAmazon.Amazon" time="40.425" errors="0" timestamp="28 Apr 2021 10:08:54 GMT">
  <testcase classname="TestngAmazon.Amazon" name="SigningHomepage" time="40.425"/>
</testsuite> <!-- TestngAmazon.Amazon -->
