<?xml version="1.0" encoding="UTF-8"?>
<!-- Generated by org.testng.reporters.JUnitReportReporter -->
<testsuite hostname="DESKTOP-NM8RQ6R" failures="0" tests="2" name="TestngAmazon.SingingAmazonAndRedmi" time="58.512" errors="0" timestamp="2021-04-30T15:27:36 IST" skipped="0">
  <testcase classname="TestngAmazon.SingingAmazonAndRedmi" name="RedmiMobile" time="16.143"/>
  <system-out/>
  <testcase classname="TestngAmazon.SingingAmazonAndRedmi" name="SigningHomepage" time="42.369"/>
  <system-out/>
</testsuite> <!-- TestngAmazon.SingingAmazonAndRedmi -->
