<?xml version="1.0" encoding="UTF-8"?>
<!-- Generated by org.testng.reporters.JUnitReportReporter -->
<testsuite hostname="DESKTOP-NM8RQ6R" failures="0" tests="1" name="TestngAmazon.SingingAmazon" time="38.479" errors="0" timestamp="29 Apr 2021 12:57:34 GMT">
  <testcase classname="TestngAmazon.SingingAmazon" name="SigningHomepage" time="38.479"/>
</testsuite> <!-- TestngAmazon.SingingAmazon -->
