<?xml version="1.0" encoding="UTF-8"?>
<!-- Generated by org.testng.reporters.JUnitReportReporter -->
<testsuite hostname="DESKTOP-NM8RQ6R" failures="0" tests="1" name="TestngAmazon.ProductSearch" time="14.875" errors="0" timestamp="29 Apr 2021 12:57:34 GMT">
  <testcase classname="TestngAmazon.ProductSearch" name="RedmiMobile" time="14.875"/>
</testsuite> <!-- TestngAmazon.ProductSearch -->
